<?xml version="1.0" encoding="UTF-8"?>
<testsuite xmlns:xsi="http://www.w3.org/2001/XMLSchema-instance" xsi:noNamespaceSchemaLocation="https://maven.apache.org/surefire/maven-surefire-plugin/xsd/surefire-test-report.xsd" name="com.shakespeare.AppTest" time="0.077" tests="1" errors="0" skipped="0" failures="0">
  <properties>
    <property name="java.specification.version" value="14"/>
    <property name="sun.cpu.isalist" value="amd64"/>
    <property name="sun.jnu.encoding" value="GBK"/>
    <property name="java.class.path" value="d:\javafiles\Shakespeare\mavenWordCount\target\test-classes;d:\javafiles\Shakespeare\mavenWordCount\target\classes;D:\maven\maven-repository\org\apache\hadoop\hadoop-common\3.2.1\hadoop-common-3.2.1.jar;D:\maven\maven-repository\org\apache\hadoop\hadoop-annotations\3.2.1\hadoop-annotations-3.2.1.jar;D:\maven\maven-repository\com\google\guava\guava\27.0-jre\guava-27.0-jre.jar;D:\maven\maven-repository\com\google\guava\failureaccess\1.0\failureaccess-1.0.jar;D:\maven\maven-repository\com\google\guava\listenablefuture\9999.0-empty-to-avoid-conflict-with-guava\listenablefuture-9999.0-empty-to-avoid-conflict-with-guava.jar;D:\maven\maven-repository\org\checkerframework\checker-qual\2.5.2\checker-qual-2.5.2.jar;D:\maven\maven-repository\com\google\errorprone\error_prone_annotations\2.2.0\error_prone_annotations-2.2.0.jar;D:\maven\maven-repository\com\google\j2objc\j2objc-annotations\1.1\j2objc-annotations-1.1.jar;D:\maven\maven-repository\org\codehaus\mojo\animal-sniffer-annotations\1.17\animal-sniffer-annotations-1.17.jar;D:\maven\maven-repository\commons-cli\commons-cli\1.2\commons-cli-1.2.jar;D:\maven\maven-repository\org\apache\commons\commons-math3\3.1.1\commons-math3-3.1.1.jar;D:\maven\maven-repository\org\apache\httpcomponents\httpclient\4.5.6\httpclient-4.5.6.jar;D:\maven\maven-repository\org\apache\httpcomponents\httpcore\4.4.10\httpcore-4.4.10.jar;D:\maven\maven-repository\commons-codec\commons-codec\1.11\commons-codec-1.11.jar;D:\maven\maven-repository\commons-io\commons-io\2.5\commons-io-2.5.jar;D:\maven\maven-repository\commons-net\commons-net\3.6\commons-net-3.6.jar;D:\maven\maven-repository\commons-collections\commons-collections\3.2.2\commons-collections-3.2.2.jar;D:\maven\maven-repository\javax\servlet\javax.servlet-api\3.1.0\javax.servlet-api-3.1.0.jar;D:\maven\maven-repository\org\eclipse\jetty\jetty-server\9.3.24.v20180605\jetty-server-9.3.24.v20180605.jar;D:\maven\maven-repository\org\eclipse\jetty\jetty-http\9.3.24.v20180605\jetty-http-9.3.24.v20180605.jar;D:\maven\maven-repository\org\eclipse\jetty\jetty-io\9.3.24.v20180605\jetty-io-9.3.24.v20180605.jar;D:\maven\maven-repository\org\eclipse\jetty\jetty-util\9.3.24.v20180605\jetty-util-9.3.24.v20180605.jar;D:\maven\maven-repository\org\eclipse\jetty\jetty-servlet\9.3.24.v20180605\jetty-servlet-9.3.24.v20180605.jar;D:\maven\maven-repository\org\eclipse\jetty\jetty-security\9.3.24.v20180605\jetty-security-9.3.24.v20180605.jar;D:\maven\maven-repository\org\eclipse\jetty\jetty-webapp\9.3.24.v20180605\jetty-webapp-9.3.24.v20180605.jar;D:\maven\maven-repository\org\eclipse\jetty\jetty-xml\9.3.24.v20180605\jetty-xml-9.3.24.v20180605.jar;D:\maven\maven-repository\javax\servlet\jsp\jsp-api\2.1\jsp-api-2.1.jar;D:\maven\maven-repository\com\sun\jersey\jersey-core\1.19\jersey-core-1.19.jar;D:\maven\maven-repository\javax\ws\rs\jsr311-api\1.1.1\jsr311-api-1.1.1.jar;D:\maven\maven-repository\com\sun\jersey\jersey-servlet\1.19\jersey-servlet-1.19.jar;D:\maven\maven-repository\com\sun\jersey\jersey-json\1.19\jersey-json-1.19.jar;D:\maven\maven-repository\org\codehaus\jettison\jettison\1.1\jettison-1.1.jar;D:\maven\maven-repository\com\sun\xml\bind\jaxb-impl\2.2.3-1\jaxb-impl-2.2.3-1.jar;D:\maven\maven-repository\org\codehaus\jackson\jackson-core-asl\1.9.2\jackson-core-asl-1.9.2.jar;D:\maven\maven-repository\org\codehaus\jackson\jackson-mapper-asl\1.9.2\jackson-mapper-asl-1.9.2.jar;D:\maven\maven-repository\org\codehaus\jackson\jackson-jaxrs\1.9.2\jackson-jaxrs-1.9.2.jar;D:\maven\maven-repository\org\codehaus\jackson\jackson-xc\1.9.2\jackson-xc-1.9.2.jar;D:\maven\maven-repository\com\sun\jersey\jersey-server\1.19\jersey-server-1.19.jar;D:\maven\maven-repository\commons-logging\commons-logging\1.1.3\commons-logging-1.1.3.jar;D:\maven\maven-repository\log4j\log4j\1.2.17\log4j-1.2.17.jar;D:\maven\maven-repository\commons-beanutils\commons-beanutils\1.9.3\commons-beanutils-1.9.3.jar;D:\maven\maven-repository\org\apache\commons\commons-configuration2\2.1.1\commons-configuration2-2.1.1.jar;D:\maven\maven-repository\org\apache\commons\commons-lang3\3.7\commons-lang3-3.7.jar;D:\maven\maven-repository\org\apache\commons\commons-text\1.4\commons-text-1.4.jar;D:\maven\maven-repository\org\slf4j\slf4j-api\1.7.25\slf4j-api-1.7.25.jar;D:\maven\maven-repository\org\slf4j\slf4j-log4j12\1.7.25\slf4j-log4j12-1.7.25.jar;D:\maven\maven-repository\org\apache\avro\avro\1.7.7\avro-1.7.7.jar;D:\maven\maven-repository\com\thoughtworks\paranamer\paranamer\2.3\paranamer-2.3.jar;D:\maven\maven-repository\org\xerial\snappy\snappy-java\1.0.5\snappy-java-1.0.5.jar;D:\maven\maven-repository\com\google\re2j\re2j\1.1\re2j-1.1.jar;D:\maven\maven-repository\com\google\protobuf\protobuf-java\2.5.0\protobuf-java-2.5.0.jar;D:\maven\maven-repository\com\google\code\gson\gson\2.2.4\gson-2.2.4.jar;D:\maven\maven-repository\org\apache\hadoop\hadoop-auth\3.2.1\hadoop-auth-3.2.1.jar;D:\maven\maven-repository\com\nimbusds\nimbus-jose-jwt\4.41.1\nimbus-jose-jwt-4.41.1.jar;D:\maven\maven-repository\com\github\stephenc\jcip\jcip-annotations\1.0-1\jcip-annotations-1.0-1.jar;D:\maven\maven-repository\net\minidev\json-smart\2.3\json-smart-2.3.jar;D:\maven\maven-repository\net\minidev\accessors-smart\1.2\accessors-smart-1.2.jar;D:\maven\maven-repository\org\ow2\asm\asm\5.0.4\asm-5.0.4.jar;D:\maven\maven-repository\org\apache\curator\curator-framework\2.13.0\curator-framework-2.13.0.jar;D:\maven\maven-repository\com\jcraft\jsch\0.1.54\jsch-0.1.54.jar;D:\maven\maven-repository\org\apache\curator\curator-client\2.13.0\curator-client-2.13.0.jar;D:\maven\maven-repository\org\apache\curator\curator-recipes\2.13.0\curator-recipes-2.13.0.jar;D:\maven\maven-repository\com\google\code\findbugs\jsr305\3.0.0\jsr305-3.0.0.jar;D:\maven\maven-repository\org\apache\htrace\htrace-core4\4.1.0-incubating\htrace-core4-4.1.0-incubating.jar;D:\maven\maven-repository\org\apache\zookeeper\zookeeper\3.4.13\zookeeper-3.4.13.jar;D:\maven\maven-repository\jline\jline\0.9.94\jline-0.9.94.jar;D:\maven\maven-repository\org\apache\yetus\audience-annotations\0.5.0\audience-annotations-0.5.0.jar;D:\maven\maven-repository\org\apache\commons\commons-compress\1.18\commons-compress-1.18.jar;D:\maven\maven-repository\org\apache\kerby\kerb-simplekdc\1.0.1\kerb-simplekdc-1.0.1.jar;D:\maven\maven-repository\org\apache\kerby\kerb-client\1.0.1\kerb-client-1.0.1.jar;D:\maven\maven-repository\org\apache\kerby\kerby-config\1.0.1\kerby-config-1.0.1.jar;D:\maven\maven-repository\org\apache\kerby\kerb-core\1.0.1\kerb-core-1.0.1.jar;D:\maven\maven-repository\org\apache\kerby\kerby-pkix\1.0.1\kerby-pkix-1.0.1.jar;D:\maven\maven-repository\org\apache\kerby\kerby-asn1\1.0.1\kerby-asn1-1.0.1.jar;D:\maven\maven-repository\org\apache\kerby\kerby-util\1.0.1\kerby-util-1.0.1.jar;D:\maven\maven-repository\org\apache\kerby\kerb-common\1.0.1\kerb-common-1.0.1.jar;D:\maven\maven-repository\org\apache\kerby\kerb-crypto\1.0.1\kerb-crypto-1.0.1.jar;D:\maven\maven-repository\org\apache\kerby\kerb-util\1.0.1\kerb-util-1.0.1.jar;D:\maven\maven-repository\org\apache\kerby\token-provider\1.0.1\token-provider-1.0.1.jar;D:\maven\maven-repository\org\apache\kerby\kerb-admin\1.0.1\kerb-admin-1.0.1.jar;D:\maven\maven-repository\org\apache\kerby\kerb-server\1.0.1\kerb-server-1.0.1.jar;D:\maven\maven-repository\org\apache\kerby\kerb-identity\1.0.1\kerb-identity-1.0.1.jar;D:\maven\maven-repository\org\apache\kerby\kerby-xdr\1.0.1\kerby-xdr-1.0.1.jar;D:\maven\maven-repository\com\fasterxml\jackson\core\jackson-databind\2.9.8\jackson-databind-2.9.8.jar;D:\maven\maven-repository\com\fasterxml\jackson\core\jackson-annotations\2.9.0\jackson-annotations-2.9.0.jar;D:\maven\maven-repository\com\fasterxml\jackson\core\jackson-core\2.9.8\jackson-core-2.9.8.jar;D:\maven\maven-repository\org\codehaus\woodstox\stax2-api\3.1.4\stax2-api-3.1.4.jar;D:\maven\maven-repository\com\fasterxml\woodstox\woodstox-core\5.0.3\woodstox-core-5.0.3.jar;D:\maven\maven-repository\dnsjava\dnsjava\2.1.7\dnsjava-2.1.7.jar;D:\maven\maven-repository\org\apache\hadoop\hadoop-mapreduce-client-jobclient\3.2.1\hadoop-mapreduce-client-jobclient-3.2.1.jar;D:\maven\maven-repository\com\google\inject\extensions\guice-servlet\4.0\guice-servlet-4.0.jar;D:\maven\maven-repository\com\google\inject\guice\4.0\guice-4.0.jar;D:\maven\maven-repository\javax\inject\javax.inject\1\javax.inject-1.jar;D:\maven\maven-repository\aopalliance\aopalliance\1.0\aopalliance-1.0.jar;D:\maven\maven-repository\io\netty\netty\3.10.5.Final\netty-3.10.5.Final.jar;D:\maven\maven-repository\org\apache\hadoop\hadoop-mapreduce-client-core\3.2.1\hadoop-mapreduce-client-core-3.2.1.jar;D:\maven\maven-repository\org\apache\hadoop\hadoop-yarn-client\3.2.1\hadoop-yarn-client-3.2.1.jar;D:\maven\maven-repository\org\apache\hadoop\hadoop-yarn-api\3.2.1\hadoop-yarn-api-3.2.1.jar;D:\maven\maven-repository\org\apache\hadoop\hadoop-yarn-common\3.2.1\hadoop-yarn-common-3.2.1.jar;D:\maven\maven-repository\javax\xml\bind\jaxb-api\2.2.11\jaxb-api-2.2.11.jar;D:\maven\maven-repository\com\sun\jersey\jersey-client\1.19\jersey-client-1.19.jar;D:\maven\maven-repository\com\sun\jersey\contribs\jersey-guice\1.19\jersey-guice-1.19.jar;D:\maven\maven-repository\com\fasterxml\jackson\module\jackson-module-jaxb-annotations\2.9.8\jackson-module-jaxb-annotations-2.9.8.jar;D:\maven\maven-repository\com\fasterxml\jackson\jaxrs\jackson-jaxrs-json-provider\2.9.8\jackson-jaxrs-json-provider-2.9.8.jar;D:\maven\maven-repository\com\fasterxml\jackson\jaxrs\jackson-jaxrs-base\2.9.8\jackson-jaxrs-base-2.9.8.jar;D:\maven\maven-repository\org\apache\hadoop\hadoop-hdfs-client\3.2.1\hadoop-hdfs-client-3.2.1.jar;D:\maven\maven-repository\com\squareup\okhttp\okhttp\2.7.5\okhttp-2.7.5.jar;D:\maven\maven-repository\com\squareup\okio\okio\1.6.0\okio-1.6.0.jar;D:\maven\maven-repository\org\apache\hadoop\hadoop-mapreduce-client-common\3.2.1\hadoop-mapreduce-client-common-3.2.1.jar;D:\maven\maven-repository\junit\junit\4.11\junit-4.11.jar;D:\maven\maven-repository\org\hamcrest\hamcrest-core\1.3\hamcrest-core-1.3.jar;"/>
    <property name="java.vm.vendor" value="Oracle Corporation"/>
    <property name="sun.arch.data.model" value="64"/>
    <property name="user.variant" value=""/>
    <property name="java.vendor.url" value="https://java.oracle.com/"/>
    <property name="user.timezone" value="Asia/Shanghai"/>
    <property name="os.name" value="Windows 10"/>
    <property name="java.vm.specification.version" value="14"/>
    <property name="sun.java.launcher" value="SUN_STANDARD"/>
    <property name="user.country" value="CN"/>
    <property name="sun.boot.library.path" value="D:\openjdk\java\jdk-14.0.1\bin"/>
    <property name="sun.java.command" value="C:\Users\baish\AppData\Local\Temp\surefire8303390711318377317\surefirebooter9322999022493676985.jar C:\Users\baish\AppData\Local\Temp\surefire8303390711318377317 2020-10-21T20-00-38_191-jvmRun1 surefire1283360942002383577tmp surefire_015494765242288386849tmp"/>
    <property name="jdk.debug" value="release"/>
    <property name="surefire.test.class.path" value="d:\javafiles\Shakespeare\mavenWordCount\target\test-classes;d:\javafiles\Shakespeare\mavenWordCount\target\classes;D:\maven\maven-repository\org\apache\hadoop\hadoop-common\3.2.1\hadoop-common-3.2.1.jar;D:\maven\maven-repository\org\apache\hadoop\hadoop-annotations\3.2.1\hadoop-annotations-3.2.1.jar;D:\maven\maven-repository\com\google\guava\guava\27.0-jre\guava-27.0-jre.jar;D:\maven\maven-repository\com\google\guava\failureaccess\1.0\failureaccess-1.0.jar;D:\maven\maven-repository\com\google\guava\listenablefuture\9999.0-empty-to-avoid-conflict-with-guava\listenablefuture-9999.0-empty-to-avoid-conflict-with-guava.jar;D:\maven\maven-repository\org\checkerframework\checker-qual\2.5.2\checker-qual-2.5.2.jar;D:\maven\maven-repository\com\google\errorprone\error_prone_annotations\2.2.0\error_prone_annotations-2.2.0.jar;D:\maven\maven-repository\com\google\j2objc\j2objc-annotations\1.1\j2objc-annotations-1.1.jar;D:\maven\maven-repository\org\codehaus\mojo\animal-sniffer-annotations\1.17\animal-sniffer-annotations-1.17.jar;D:\maven\maven-repository\commons-cli\commons-cli\1.2\commons-cli-1.2.jar;D:\maven\maven-repository\org\apache\commons\commons-math3\3.1.1\commons-math3-3.1.1.jar;D:\maven\maven-repository\org\apache\httpcomponents\httpclient\4.5.6\httpclient-4.5.6.jar;D:\maven\maven-repository\org\apache\httpcomponents\httpcore\4.4.10\httpcore-4.4.10.jar;D:\maven\maven-repository\commons-codec\commons-codec\1.11\commons-codec-1.11.jar;D:\maven\maven-repository\commons-io\commons-io\2.5\commons-io-2.5.jar;D:\maven\maven-repository\commons-net\commons-net\3.6\commons-net-3.6.jar;D:\maven\maven-repository\commons-collections\commons-collections\3.2.2\commons-collections-3.2.2.jar;D:\maven\maven-repository\javax\servlet\javax.servlet-api\3.1.0\javax.servlet-api-3.1.0.jar;D:\maven\maven-repository\org\eclipse\jetty\jetty-server\9.3.24.v20180605\jetty-server-9.3.24.v20180605.jar;D:\maven\maven-repository\org\eclipse\jetty\jetty-http\9.3.24.v20180605\jetty-http-9.3.24.v20180605.jar;D:\maven\maven-repository\org\eclipse\jetty\jetty-io\9.3.24.v20180605\jetty-io-9.3.24.v20180605.jar;D:\maven\maven-repository\org\eclipse\jetty\jetty-util\9.3.24.v20180605\jetty-util-9.3.24.v20180605.jar;D:\maven\maven-repository\org\eclipse\jetty\jetty-servlet\9.3.24.v20180605\jetty-servlet-9.3.24.v20180605.jar;D:\maven\maven-repository\org\eclipse\jetty\jetty-security\9.3.24.v20180605\jetty-security-9.3.24.v20180605.jar;D:\maven\maven-repository\org\eclipse\jetty\jetty-webapp\9.3.24.v20180605\jetty-webapp-9.3.24.v20180605.jar;D:\maven\maven-repository\org\eclipse\jetty\jetty-xml\9.3.24.v20180605\jetty-xml-9.3.24.v20180605.jar;D:\maven\maven-repository\javax\servlet\jsp\jsp-api\2.1\jsp-api-2.1.jar;D:\maven\maven-repository\com\sun\jersey\jersey-core\1.19\jersey-core-1.19.jar;D:\maven\maven-repository\javax\ws\rs\jsr311-api\1.1.1\jsr311-api-1.1.1.jar;D:\maven\maven-repository\com\sun\jersey\jersey-servlet\1.19\jersey-servlet-1.19.jar;D:\maven\maven-repository\com\sun\jersey\jersey-json\1.19\jersey-json-1.19.jar;D:\maven\maven-repository\org\codehaus\jettison\jettison\1.1\jettison-1.1.jar;D:\maven\maven-repository\com\sun\xml\bind\jaxb-impl\2.2.3-1\jaxb-impl-2.2.3-1.jar;D:\maven\maven-repository\org\codehaus\jackson\jackson-core-asl\1.9.2\jackson-core-asl-1.9.2.jar;D:\maven\maven-repository\org\codehaus\jackson\jackson-mapper-asl\1.9.2\jackson-mapper-asl-1.9.2.jar;D:\maven\maven-repository\org\codehaus\jackson\jackson-jaxrs\1.9.2\jackson-jaxrs-1.9.2.jar;D:\maven\maven-repository\org\codehaus\jackson\jackson-xc\1.9.2\jackson-xc-1.9.2.jar;D:\maven\maven-repository\com\sun\jersey\jersey-server\1.19\jersey-server-1.19.jar;D:\maven\maven-repository\commons-logging\commons-logging\1.1.3\commons-logging-1.1.3.jar;D:\maven\maven-repository\log4j\log4j\1.2.17\log4j-1.2.17.jar;D:\maven\maven-repository\commons-beanutils\commons-beanutils\1.9.3\commons-beanutils-1.9.3.jar;D:\maven\maven-repository\org\apache\commons\commons-configuration2\2.1.1\commons-configuration2-2.1.1.jar;D:\maven\maven-repository\org\apache\commons\commons-lang3\3.7\commons-lang3-3.7.jar;D:\maven\maven-repository\org\apache\commons\commons-text\1.4\commons-text-1.4.jar;D:\maven\maven-repository\org\slf4j\slf4j-api\1.7.25\slf4j-api-1.7.25.jar;D:\maven\maven-repository\org\slf4j\slf4j-log4j12\1.7.25\slf4j-log4j12-1.7.25.jar;D:\maven\maven-repository\org\apache\avro\avro\1.7.7\avro-1.7.7.jar;D:\maven\maven-repository\com\thoughtworks\paranamer\paranamer\2.3\paranamer-2.3.jar;D:\maven\maven-repository\org\xerial\snappy\snappy-java\1.0.5\snappy-java-1.0.5.jar;D:\maven\maven-repository\com\google\re2j\re2j\1.1\re2j-1.1.jar;D:\maven\maven-repository\com\google\protobuf\protobuf-java\2.5.0\protobuf-java-2.5.0.jar;D:\maven\maven-repository\com\google\code\gson\gson\2.2.4\gson-2.2.4.jar;D:\maven\maven-repository\org\apache\hadoop\hadoop-auth\3.2.1\hadoop-auth-3.2.1.jar;D:\maven\maven-repository\com\nimbusds\nimbus-jose-jwt\4.41.1\nimbus-jose-jwt-4.41.1.jar;D:\maven\maven-repository\com\github\stephenc\jcip\jcip-annotations\1.0-1\jcip-annotations-1.0-1.jar;D:\maven\maven-repository\net\minidev\json-smart\2.3\json-smart-2.3.jar;D:\maven\maven-repository\net\minidev\accessors-smart\1.2\accessors-smart-1.2.jar;D:\maven\maven-repository\org\ow2\asm\asm\5.0.4\asm-5.0.4.jar;D:\maven\maven-repository\org\apache\curator\curator-framework\2.13.0\curator-framework-2.13.0.jar;D:\maven\maven-repository\com\jcraft\jsch\0.1.54\jsch-0.1.54.jar;D:\maven\maven-repository\org\apache\curator\curator-client\2.13.0\curator-client-2.13.0.jar;D:\maven\maven-repository\org\apache\curator\curator-recipes\2.13.0\curator-recipes-2.13.0.jar;D:\maven\maven-repository\com\google\code\findbugs\jsr305\3.0.0\jsr305-3.0.0.jar;D:\maven\maven-repository\org\apache\htrace\htrace-core4\4.1.0-incubating\htrace-core4-4.1.0-incubating.jar;D:\maven\maven-repository\org\apache\zookeeper\zookeeper\3.4.13\zookeeper-3.4.13.jar;D:\maven\maven-repository\jline\jline\0.9.94\jline-0.9.94.jar;D:\maven\maven-repository\org\apache\yetus\audience-annotations\0.5.0\audience-annotations-0.5.0.jar;D:\maven\maven-repository\org\apache\commons\commons-compress\1.18\commons-compress-1.18.jar;D:\maven\maven-repository\org\apache\kerby\kerb-simplekdc\1.0.1\kerb-simplekdc-1.0.1.jar;D:\maven\maven-repository\org\apache\kerby\kerb-client\1.0.1\kerb-client-1.0.1.jar;D:\maven\maven-repository\org\apache\kerby\kerby-config\1.0.1\kerby-config-1.0.1.jar;D:\maven\maven-repository\org\apache\kerby\kerb-core\1.0.1\kerb-core-1.0.1.jar;D:\maven\maven-repository\org\apache\kerby\kerby-pkix\1.0.1\kerby-pkix-1.0.1.jar;D:\maven\maven-repository\org\apache\kerby\kerby-asn1\1.0.1\kerby-asn1-1.0.1.jar;D:\maven\maven-repository\org\apache\kerby\kerby-util\1.0.1\kerby-util-1.0.1.jar;D:\maven\maven-repository\org\apache\kerby\kerb-common\1.0.1\kerb-common-1.0.1.jar;D:\maven\maven-repository\org\apache\kerby\kerb-crypto\1.0.1\kerb-crypto-1.0.1.jar;D:\maven\maven-repository\org\apache\kerby\kerb-util\1.0.1\kerb-util-1.0.1.jar;D:\maven\maven-repository\org\apache\kerby\token-provider\1.0.1\token-provider-1.0.1.jar;D:\maven\maven-repository\org\apache\kerby\kerb-admin\1.0.1\kerb-admin-1.0.1.jar;D:\maven\maven-repository\org\apache\kerby\kerb-server\1.0.1\kerb-server-1.0.1.jar;D:\maven\maven-repository\org\apache\kerby\kerb-identity\1.0.1\kerb-identity-1.0.1.jar;D:\maven\maven-repository\org\apache\kerby\kerby-xdr\1.0.1\kerby-xdr-1.0.1.jar;D:\maven\maven-repository\com\fasterxml\jackson\core\jackson-databind\2.9.8\jackson-databind-2.9.8.jar;D:\maven\maven-repository\com\fasterxml\jackson\core\jackson-annotations\2.9.0\jackson-annotations-2.9.0.jar;D:\maven\maven-repository\com\fasterxml\jackson\core\jackson-core\2.9.8\jackson-core-2.9.8.jar;D:\maven\maven-repository\org\codehaus\woodstox\stax2-api\3.1.4\stax2-api-3.1.4.jar;D:\maven\maven-repository\com\fasterxml\woodstox\woodstox-core\5.0.3\woodstox-core-5.0.3.jar;D:\maven\maven-repository\dnsjava\dnsjava\2.1.7\dnsjava-2.1.7.jar;D:\maven\maven-repository\org\apache\hadoop\hadoop-mapreduce-client-jobclient\3.2.1\hadoop-mapreduce-client-jobclient-3.2.1.jar;D:\maven\maven-repository\com\google\inject\extensions\guice-servlet\4.0\guice-servlet-4.0.jar;D:\maven\maven-repository\com\google\inject\guice\4.0\guice-4.0.jar;D:\maven\maven-repository\javax\inject\javax.inject\1\javax.inject-1.jar;D:\maven\maven-repository\aopalliance\aopalliance\1.0\aopalliance-1.0.jar;D:\maven\maven-repository\io\netty\netty\3.10.5.Final\netty-3.10.5.Final.jar;D:\maven\maven-repository\org\apache\hadoop\hadoop-mapreduce-client-core\3.2.1\hadoop-mapreduce-client-core-3.2.1.jar;D:\maven\maven-repository\org\apache\hadoop\hadoop-yarn-client\3.2.1\hadoop-yarn-client-3.2.1.jar;D:\maven\maven-repository\org\apache\hadoop\hadoop-yarn-api\3.2.1\hadoop-yarn-api-3.2.1.jar;D:\maven\maven-repository\org\apache\hadoop\hadoop-yarn-common\3.2.1\hadoop-yarn-common-3.2.1.jar;D:\maven\maven-repository\javax\xml\bind\jaxb-api\2.2.11\jaxb-api-2.2.11.jar;D:\maven\maven-repository\com\sun\jersey\jersey-client\1.19\jersey-client-1.19.jar;D:\maven\maven-repository\com\sun\jersey\contribs\jersey-guice\1.19\jersey-guice-1.19.jar;D:\maven\maven-repository\com\fasterxml\jackson\module\jackson-module-jaxb-annotations\2.9.8\jackson-module-jaxb-annotations-2.9.8.jar;D:\maven\maven-repository\com\fasterxml\jackson\jaxrs\jackson-jaxrs-json-provider\2.9.8\jackson-jaxrs-json-provider-2.9.8.jar;D:\maven\maven-repository\com\fasterxml\jackson\jaxrs\jackson-jaxrs-base\2.9.8\jackson-jaxrs-base-2.9.8.jar;D:\maven\maven-repository\org\apache\hadoop\hadoop-hdfs-client\3.2.1\hadoop-hdfs-client-3.2.1.jar;D:\maven\maven-repository\com\squareup\okhttp\okhttp\2.7.5\okhttp-2.7.5.jar;D:\maven\maven-repository\com\squareup\okio\okio\1.6.0\okio-1.6.0.jar;D:\maven\maven-repository\org\apache\hadoop\hadoop-mapreduce-client-common\3.2.1\hadoop-mapreduce-client-common-3.2.1.jar;D:\maven\maven-repository\junit\junit\4.11\junit-4.11.jar;D:\maven\maven-repository\org\hamcrest\hamcrest-core\1.3\hamcrest-core-1.3.jar;"/>
    <property name="sun.cpu.endian" value="little"/>
    <property name="user.home" value="C:\Users\baish"/>
    <property name="user.language" value="zh"/>
    <property name="java.specification.vendor" value="Oracle Corporation"/>
    <property name="java.version.date" value="2020-04-14"/>
    <property name="java.home" value="D:\openjdk\java\jdk-14.0.1"/>
    <property name="file.separator" value="\"/>
    <property name="basedir" value="d:\javafiles\Shakespeare\mavenWordCount"/>
    <property name="java.vm.compressedOopsMode" value="32-bit"/>
    <property name="line.separator" value="&#10;"/>
    <property name="java.vm.specification.vendor" value="Oracle Corporation"/>
    <property name="java.specification.name" value="Java Platform API Specification"/>
    <property name="surefire.real.class.path" value="C:\Users\baish\AppData\Local\Temp\surefire8303390711318377317\surefirebooter9322999022493676985.jar"/>
    <property name="user.script" value=""/>
    <property name="sun.management.compiler" value="HotSpot 64-Bit Tiered Compilers"/>
    <property name="java.runtime.version" value="14.0.1+7"/>
    <property name="user.name" value="baish"/>
    <property name="path.separator" value=";"/>
    <property name="os.version" value="10.0"/>
    <property name="java.runtime.name" value="OpenJDK Runtime Environment"/>
    <property name="file.encoding" value="GBK"/>
    <property name="java.vm.name" value="OpenJDK 64-Bit Server VM"/>
    <property name="localRepository" value="D:\maven\maven-repository"/>
    <property name="java.vendor.url.bug" value="https://bugreport.java.com/bugreport/"/>
    <property name="java.io.tmpdir" value="C:\Users\baish\AppData\Local\Temp\"/>
    <property name="java.version" value="14.0.1"/>
    <property name="user.dir" value="d:\javafiles\Shakespeare\mavenWordCount"/>
    <property name="os.arch" value="amd64"/>
    <property name="java.vm.specification.name" value="Java Virtual Machine Specification"/>
    <property name="sun.os.patch.level" value=""/>
    <property name="java.library.path" value="D:\openjdk\java\jdk-14.0.1\bin;C:\WINDOWS\Sun\Java\bin;C:\WINDOWS\system32;C:\WINDOWS;C:\Users\baish\AppData\Local\Programs\Python\Python38\Scripts\;C:\Users\baish\AppData\Local\Programs\Python\Python38\;C:\Program Files\Microsoft MPI\Bin\;D:\python\Scripts\;D:\python\;D:\软件\py\Scripts\;D;\软件\py\;C;\Program Files (x86)\Intel\Intel(R) Management Engine Components\iCLS\;C:\Program Files\Intel\Intel(R) Management Engine Components\iCLS\;C:\WINDOWS\system32;C:\WINDOWS;C:\WINDOWS\System32\Wbem;C:\WINDOWS\System32\WindowsPowerShell\v1.0\;C:\WINDOWS\System32\OpenSSH\;C:\Program Files (x86)\Intel\Intel(R) Management Engine Components\DAL;C:\Program Files\Intel\Intel(R) Management Engine Components\DAL;C:\Program Files (x86)\Intel\Intel(R) Management Engine Components\IPT;C:\Program Files\Intel\Intel(R) Management Engine Components\IPT;C:\Program Files\dotnet\;C:\Program Files\Intel\WiFi\bin\;C:\Program Files\Common Files\Intel\WirelessCommon\;D:\MATLAB\runtime\win64;D:\MATLAB\bin;D:\MATLAB\polyspace\bin;D:\Git\cmd;C:\Program Files\Docker\Docker\resources\bin;C:\ProgramData\DockerDesktop\version-bin;D:\openjdk\java\jdk-14.0.1\bin;%MAVEN_HOME%\bin;D:\py\python\Scripts\;D:\py\python\;D:\软件\python\Scripts\;D:\软件\python\;C:\Users\baish\AppData\Local\Microsoft\WindowsApps;D:\软件\Microsoft VS Code\bin;D:\软件\texlive\2019\bin\win32;D:\phpstorm\PhpStorm 2020.1\bin;;D:\texliveinstalls\texlive\2020\bin\win32;D:\py\pycharm\PyCharm Community Edition 2020.2.3\bin;;."/>
    <property name="java.vm.info" value="mixed mode, sharing"/>
    <property name="java.vendor" value="Oracle Corporation"/>
    <property name="java.vm.version" value="14.0.1+7"/>
    <property name="sun.io.unicode.encoding" value="UnicodeLittle"/>
    <property name="java.class.version" value="58.0"/>
  </properties>
  <testcase name="shouldAnswerWithTrue" classname="com.shakespeare.AppTest" time="0.002"/>
</testsuite>